C:\Institute\3 Course\SmartEducation\SmartEducationSite\SmartEducation\Cursach\angularApp\dist\out-tsc\app\app.component.js
C:\Institute\3 Course\SmartEducation\SmartEducationSite\SmartEducation\Cursach\angularApp\dist\out-tsc\app\app.component.js.map
C:\Institute\3 Course\SmartEducation\SmartEducationSite\SmartEducation\Cursach\angularApp\dist\out-tsc\app\cards\models\Disease.js
C:\Institute\3 Course\SmartEducation\SmartEducationSite\SmartEducation\Cursach\angularApp\dist\out-tsc\app\cards\models\Disease.js.map
C:\Institute\3 Course\SmartEducation\SmartEducationSite\SmartEducation\Cursach\angularApp\dist\out-tsc\app\cards\models\Drugs.js
C:\Institute\3 Course\SmartEducation\SmartEducationSite\SmartEducation\Cursach\angularApp\dist\out-tsc\app\cards\models\Drugs.js.map
C:\Institute\3 Course\SmartEducation\SmartEducationSite\SmartEducation\Cursach\angularApp\dist\out-tsc\app\cards\cards.service.js
C:\Institute\3 Course\SmartEducation\SmartEducationSite\SmartEducation\Cursach\angularApp\dist\out-tsc\app\cards\cards.service.js.map
C:\Institute\3 Course\SmartEducation\SmartEducationSite\SmartEducation\Cursach\angularApp\dist\out-tsc\app\cards\models\unit.js
C:\Institute\3 Course\SmartEducation\SmartEducationSite\SmartEducation\Cursach\angularApp\dist\out-tsc\app\cards\models\unit.js.map
C:\Institute\3 Course\SmartEducation\SmartEducationSite\SmartEducation\Cursach\angularApp\dist\out-tsc\app\cards\models\period.js
C:\Institute\3 Course\SmartEducation\SmartEducationSite\SmartEducation\Cursach\angularApp\dist\out-tsc\app\cards\models\period.js.map
C:\Institute\3 Course\SmartEducation\SmartEducationSite\SmartEducation\Cursach\angularApp\dist\out-tsc\app\cards\models\goods-group.js
C:\Institute\3 Course\SmartEducation\SmartEducationSite\SmartEducation\Cursach\angularApp\dist\out-tsc\app\cards\models\goods-group.js.map
C:\Institute\3 Course\SmartEducation\SmartEducationSite\SmartEducation\Cursach\angularApp\dist\out-tsc\app\cards\models\good.js
C:\Institute\3 Course\SmartEducation\SmartEducationSite\SmartEducation\Cursach\angularApp\dist\out-tsc\app\cards\models\good.js.map
C:\Institute\3 Course\SmartEducation\SmartEducationSite\SmartEducation\Cursach\angularApp\dist\out-tsc\app\cards\models\nomen.js
C:\Institute\3 Course\SmartEducation\SmartEducationSite\SmartEducation\Cursach\angularApp\dist\out-tsc\app\cards\models\nomen.js.map
C:\Institute\3 Course\SmartEducation\SmartEducationSite\SmartEducation\Cursach\angularApp\dist\out-tsc\app\cards\models\ewallet.js
C:\Institute\3 Course\SmartEducation\SmartEducationSite\SmartEducation\Cursach\angularApp\dist\out-tsc\app\cards\models\ewallet.js.map
C:\Institute\3 Course\SmartEducation\SmartEducationSite\SmartEducation\Cursach\angularApp\dist\out-tsc\app\cards\models\group.js
C:\Institute\3 Course\SmartEducation\SmartEducationSite\SmartEducation\Cursach\angularApp\dist\out-tsc\app\cards\models\group.js.map
C:\Institute\3 Course\SmartEducation\SmartEducationSite\SmartEducation\Cursach\angularApp\dist\out-tsc\app\cards\models\card-status.js
C:\Institute\3 Course\SmartEducation\SmartEducationSite\SmartEducation\Cursach\angularApp\dist\out-tsc\app\cards\models\card-status.js.map
C:\Institute\3 Course\SmartEducation\SmartEducationSite\SmartEducation\Cursach\angularApp\dist\out-tsc\app\cards\models\card.js
C:\Institute\3 Course\SmartEducation\SmartEducationSite\SmartEducation\Cursach\angularApp\dist\out-tsc\app\cards\models\card.js.map
C:\Institute\3 Course\SmartEducation\SmartEducationSite\SmartEducation\Cursach\angularApp\dist\out-tsc\app\cards\animations.js
C:\Institute\3 Course\SmartEducation\SmartEducationSite\SmartEducation\Cursach\angularApp\dist\out-tsc\app\cards\animations.js.map
C:\Institute\3 Course\SmartEducation\SmartEducationSite\SmartEducation\Cursach\angularApp\dist\out-tsc\app\cards\redirect-dialog\redirect-dialog.component.js
C:\Institute\3 Course\SmartEducation\SmartEducationSite\SmartEducation\Cursach\angularApp\dist\out-tsc\app\cards\redirect-dialog\redirect-dialog.component.js.map
C:\Institute\3 Course\SmartEducation\SmartEducationSite\SmartEducation\Cursach\angularApp\dist\out-tsc\app\cards\ui.service.js
C:\Institute\3 Course\SmartEducation\SmartEducationSite\SmartEducation\Cursach\angularApp\dist\out-tsc\app\cards\ui.service.js.map
C:\Institute\3 Course\SmartEducation\SmartEducationSite\SmartEducation\Cursach\angularApp\dist\out-tsc\app\cards\models\recharge-wallet-response.js
C:\Institute\3 Course\SmartEducation\SmartEducationSite\SmartEducation\Cursach\angularApp\dist\out-tsc\app\cards\models\recharge-wallet-response.js.map
C:\Institute\3 Course\SmartEducation\SmartEducationSite\SmartEducation\Cursach\angularApp\dist\out-tsc\app\cards\models\contract.js
C:\Institute\3 Course\SmartEducation\SmartEducationSite\SmartEducation\Cursach\angularApp\dist\out-tsc\app\cards\models\contract.js.map
C:\Institute\3 Course\SmartEducation\SmartEducationSite\SmartEducation\Cursach\angularApp\dist\out-tsc\app\cards\angular-js.service.js
C:\Institute\3 Course\SmartEducation\SmartEducationSite\SmartEducation\Cursach\angularApp\dist\out-tsc\app\cards\angular-js.service.js.map
C:\Institute\3 Course\SmartEducation\SmartEducationSite\SmartEducation\Cursach\angularApp\dist\out-tsc\app\cards\card-row\card-row.component.js
C:\Institute\3 Course\SmartEducation\SmartEducationSite\SmartEducation\Cursach\angularApp\dist\out-tsc\app\cards\card-row\card-row.component.js.map
C:\Institute\3 Course\SmartEducation\SmartEducationSite\SmartEducation\Cursach\angularApp\dist\out-tsc\app\cards\cards-table\cards-table.component.js
C:\Institute\3 Course\SmartEducation\SmartEducationSite\SmartEducation\Cursach\angularApp\dist\out-tsc\app\cards\cards-table\cards-table.component.js.map
C:\Institute\3 Course\SmartEducation\SmartEducationSite\SmartEducation\Cursach\angularApp\dist\out-tsc\app\cards\window.service.js
C:\Institute\3 Course\SmartEducation\SmartEducationSite\SmartEducation\Cursach\angularApp\dist\out-tsc\app\cards\window.service.js.map
C:\Institute\3 Course\SmartEducation\SmartEducationSite\SmartEducation\Cursach\angularApp\dist\out-tsc\app\cards\cards\cards.component.js
C:\Institute\3 Course\SmartEducation\SmartEducationSite\SmartEducation\Cursach\angularApp\dist\out-tsc\app\cards\cards\cards.component.js.map
C:\Institute\3 Course\SmartEducation\SmartEducationSite\SmartEducation\Cursach\angularApp\dist\out-tsc\app\material\material.module.js
C:\Institute\3 Course\SmartEducation\SmartEducationSite\SmartEducation\Cursach\angularApp\dist\out-tsc\app\material\material.module.js.map
C:\Institute\3 Course\SmartEducation\SmartEducationSite\SmartEducation\Cursach\angularApp\dist\out-tsc\app\shared\pipes\range.pipe.js
C:\Institute\3 Course\SmartEducation\SmartEducationSite\SmartEducation\Cursach\angularApp\dist\out-tsc\app\shared\pipes\range.pipe.js.map
C:\Institute\3 Course\SmartEducation\SmartEducationSite\SmartEducation\Cursach\angularApp\dist\out-tsc\app\shared\shared.module.js
C:\Institute\3 Course\SmartEducation\SmartEducationSite\SmartEducation\Cursach\angularApp\dist\out-tsc\app\shared\shared.module.js.map
C:\Institute\3 Course\SmartEducation\SmartEducationSite\SmartEducation\Cursach\angularApp\dist\out-tsc\app\cards\card-type\card-type-model.js
C:\Institute\3 Course\SmartEducation\SmartEducationSite\SmartEducation\Cursach\angularApp\dist\out-tsc\app\cards\card-type\card-type-model.js.map
C:\Institute\3 Course\SmartEducation\SmartEducationSite\SmartEducation\Cursach\angularApp\dist\out-tsc\app\cards\card-type\card-type.component.js
C:\Institute\3 Course\SmartEducation\SmartEducationSite\SmartEducation\Cursach\angularApp\dist\out-tsc\app\cards\card-type\card-type.component.js.map
C:\Institute\3 Course\SmartEducation\SmartEducationSite\SmartEducation\Cursach\angularApp\dist\out-tsc\app\cards\card-selected\card-selected.component.js
C:\Institute\3 Course\SmartEducation\SmartEducationSite\SmartEducation\Cursach\angularApp\dist\out-tsc\app\cards\card-selected\card-selected.component.js.map
C:\Institute\3 Course\SmartEducation\SmartEducationSite\SmartEducation\Cursach\angularApp\dist\out-tsc\app\cards\limit-new-edit\limit-new-edit.component.js
C:\Institute\3 Course\SmartEducation\SmartEducationSite\SmartEducation\Cursach\angularApp\dist\out-tsc\app\cards\limit-new-edit\limit-new-edit.component.js.map
C:\Institute\3 Course\SmartEducation\SmartEducationSite\SmartEducation\Cursach\angularApp\dist\out-tsc\app\cards\card-edit\card-edit.component.js
C:\Institute\3 Course\SmartEducation\SmartEducationSite\SmartEducation\Cursach\angularApp\dist\out-tsc\app\cards\card-edit\card-edit.component.js.map
C:\Institute\3 Course\SmartEducation\SmartEducationSite\SmartEducation\Cursach\angularApp\dist\out-tsc\app\cards\extended-search\extended-search.component.js
C:\Institute\3 Course\SmartEducation\SmartEducationSite\SmartEducation\Cursach\angularApp\dist\out-tsc\app\cards\extended-search\extended-search.component.js.map
C:\Institute\3 Course\SmartEducation\SmartEducationSite\SmartEducation\Cursach\angularApp\dist\out-tsc\app\cards\search-cards\search-cards.component.js
C:\Institute\3 Course\SmartEducation\SmartEducationSite\SmartEducation\Cursach\angularApp\dist\out-tsc\app\cards\search-cards\search-cards.component.js.map
C:\Institute\3 Course\SmartEducation\SmartEducationSite\SmartEducation\Cursach\angularApp\dist\out-tsc\app\cards\http.interceptor.js
C:\Institute\3 Course\SmartEducation\SmartEducationSite\SmartEducation\Cursach\angularApp\dist\out-tsc\app\cards\http.interceptor.js.map
C:\Institute\3 Course\SmartEducation\SmartEducationSite\SmartEducation\Cursach\angularApp\dist\out-tsc\app\cards\card-top-up-balance\card-top-up-balance.component.js
C:\Institute\3 Course\SmartEducation\SmartEducationSite\SmartEducation\Cursach\angularApp\dist\out-tsc\app\cards\card-top-up-balance\card-top-up-balance.component.js.map
C:\Institute\3 Course\SmartEducation\SmartEducationSite\SmartEducation\Cursach\angularApp\dist\out-tsc\app\cards\notification\notification.component.js
C:\Institute\3 Course\SmartEducation\SmartEducationSite\SmartEducation\Cursach\angularApp\dist\out-tsc\app\cards\notification\notification.component.js.map
C:\Institute\3 Course\SmartEducation\SmartEducationSite\SmartEducation\Cursach\angularApp\dist\out-tsc\app\cards\cards.module.js
C:\Institute\3 Course\SmartEducation\SmartEducationSite\SmartEducation\Cursach\angularApp\dist\out-tsc\app\cards\cards.module.js.map
C:\Institute\3 Course\SmartEducation\SmartEducationSite\SmartEducation\Cursach\angularApp\dist\out-tsc\app\app.module.js
C:\Institute\3 Course\SmartEducation\SmartEducationSite\SmartEducation\Cursach\angularApp\dist\out-tsc\app\app.module.js.map
C:\Institute\3 Course\SmartEducation\SmartEducationSite\SmartEducation\Cursach\angularApp\dist\out-tsc\environments\environment.js
C:\Institute\3 Course\SmartEducation\SmartEducationSite\SmartEducation\Cursach\angularApp\dist\out-tsc\environments\environment.js.map
C:\Institute\3 Course\SmartEducation\SmartEducationSite\SmartEducation\Cursach\angularApp\dist\out-tsc\main.js
C:\Institute\3 Course\SmartEducation\SmartEducationSite\SmartEducation\Cursach\angularApp\dist\out-tsc\main.js.map
C:\Institute\3 Course\SmartEducation\SmartEducationSite\SmartEducation\Cursach\angularApp\dist\out-tsc\polyfills.js
C:\Institute\3 Course\SmartEducation\SmartEducationSite\SmartEducation\Cursach\angularApp\dist\out-tsc\polyfills.js.map
C:\Institute\3 Course\SmartEducation\SmartEducationSite\SmartEducation\Cursach\angularApp\dist\out-tsc\test.js
C:\Institute\3 Course\SmartEducation\SmartEducationSite\SmartEducation\Cursach\angularApp\dist\out-tsc\test.js.map
C:\Institute\3 Course\SmartEducation\SmartEducationSite\SmartEducation\Cursach\angularApp\dist\out-tsc\environments\environment.prod.js
C:\Institute\3 Course\SmartEducation\SmartEducationSite\SmartEducation\Cursach\angularApp\dist\out-tsc\environments\environment.prod.js.map
C:\Institute\3 Course\SmartEducation\SmartEducationSite\SmartEducation\Cursach\angularApp\dist\out-tsc\app\cards\common-search\common-search.component.js
C:\Institute\3 Course\SmartEducation\SmartEducationSite\SmartEducation\Cursach\angularApp\dist\out-tsc\app\cards\common-search\common-search.component.js.map
C:\Institute\3 Course\SmartEducation\SmartEducationSite\SmartEducation\Cursach\angularApp\dist\out-tsc\app\cards\models\lkResponce.js
C:\Institute\3 Course\SmartEducation\SmartEducationSite\SmartEducation\Cursach\angularApp\dist\out-tsc\app\cards\models\lkResponce.js.map
C:\Institute\3 Course\SmartEducation\SmartEducationSite\SmartEducation\Cursach\angularApp\dist\out-tsc\app\cards\models\recharge-wallet-request.js
C:\Institute\3 Course\SmartEducation\SmartEducationSite\SmartEducation\Cursach\angularApp\dist\out-tsc\app\cards\models\recharge-wallet-request.js.map
C:\Institute\3 Course\SmartEducation\SmartEducationSite\SmartEducation\Cursach\angularApp\dist\out-tsc\app\cards\models\set-limits-request-limit.js
C:\Institute\3 Course\SmartEducation\SmartEducationSite\SmartEducation\Cursach\angularApp\dist\out-tsc\app\cards\models\set-limits-request-limit.js.map
C:\Institute\3 Course\SmartEducation\SmartEducationSite\SmartEducation\Cursach\angularApp\dist\out-tsc\app\cards\models\set-limits-request.js
C:\Institute\3 Course\SmartEducation\SmartEducationSite\SmartEducation\Cursach\angularApp\dist\out-tsc\app\cards\models\set-limits-request.js.map
